

Microchip MPLAB XC8 Assembler V2.05 build -831301201 
                                                                                               Wed Jan 29 12:58:42 2020

Microchip MPLAB XC8 C Compiler v2.05 (Free license) build 20181220022703 Og1 
     1                           	processor	18F26K22
     2                           	fnconf	rparam,??,?,0
     3                           	opt	pw 120
     4                           	opt	flic
     5                           	psect	cinit,global,reloc=2,class=CODE,delta=1
     6                           	psect	cstackCOMRAM,global,class=COMRAM,space=1,delta=1,noexec
     7                           	psect	text0,global,reloc=2,class=CODE,delta=1
     8                           	psect	text1,global,reloc=2,class=CODE,delta=1
     9                           	psect	text2,global,reloc=2,class=CODE,delta=1
    10                           	psect	text3,global,reloc=2,class=CODE,delta=1
    11                           	psect	intsave_regs,global,class=BIGRAM,space=1,delta=1,noexec
    12                           	psect	rparam,global,class=COMRAM,space=1,delta=1,noexec
    13  0000                     
    14                           ; Version 2.05
    15                           ; Generated 20/12/2018 GMT
    16                           ; 
    17                           ; Copyright © 2018, Microchip Technology Inc. and its subsidiaries ("Microchip")
    18                           ; All rights reserved.
    19                           ; 
    20                           ; This software is developed by Microchip Technology Inc. and its subsidiaries ("Microch
      +                          ip").
    21                           ; 
    22                           ; Redistribution and use in source and binary forms, with or without modification, are
    23                           ; permitted provided that the following conditions are met:
    24                           ; 
    25                           ;     1. Redistributions of source code must retain the above copyright notice, this lis
      +                          t of
    26                           ;        conditions and the following disclaimer.
    27                           ; 
    28                           ;     2. Redistributions in binary form must reproduce the above copyright notice, this 
      +                          list
    29                           ;        of conditions and the following disclaimer in the documentation and/or other
    30                           ;        materials provided with the distribution.
    31                           ; 
    32                           ;     3. Microchip's name may not be used to endorse or promote products derived from th
      +                          is
    33                           ;        software without specific prior written permission.
    34                           ; 
    35                           ; THIS SOFTWARE IS PROVIDED BY MICROCHIP "AS IS" AND ANY EXPRESS OR IMPLIED WARRANTIES,
    36                           ; INCLUDING, BUT NOT LIMITED TO, THE IMPLIED WARRANTIES OF MERCHANTABILITY AND FITNESS F
      +                          OR
    37                           ; PURPOSE ARE DISCLAIMED.  IN NO EVENT SHALL MICROCHIP BE LIABLE FOR ANY DIRECT, INDIREC
      +                          T,
    38                           ; INCIDENTAL, SPECIAL, EXEMPLARY, OR CONSEQUENTIAL DAMAGES (INCLUDING BUT NOT LIMITED TO
    39                           ; PROCUREMENT OF SUBSTITUTE GOODS OR SERVICES; LOSS OF USE, DATA OR PROFITS; OR BUSINESS
    40                           ; INTERRUPTION) HOWSOEVER CAUSED AND ON ANY THEORY OF LIABILITY, WHETHER IN CONTRACT, ST
      +                          RICT
    41                           ; LIABILITY, OR TORT (INCLUDING NEGLIGENCE OR OTHERWISE) ARISING IN ANY WAY OUT OF THE U
      +                          SE OF
    42                           ; THIS SOFTWARE, EVEN IF ADVISED OF THE POSSIBILITY OF SUCH DAMAGE.
    43                           ; 
    44                           ; 
    45                           ; Code-generator required, PIC18F26K22 Definitions
    46                           ; 
    47                           ; SFR Addresses
    48  0000                     _ANSELA	set	3896
    49  0000                     _ANSELB	set	3897
    50  0000                     _ANSELC	set	3898
    51  0000                     _LATAbits	set	3977
    52  0000                     _PORTAbits	set	3968
    53  0000                     _INTCONbits	set	4082
    54  0000                     _INTCON2bits	set	4081
    55  0000                     _WPUB	set	3937
    56  0000                     _TRISC	set	3988
    57  0000                     _TRISB	set	3987
    58  0000                     _TRISA	set	3986
    59  0000                     _LATC	set	3979
    60  0000                     _LATB	set	3978
    61  0000                     _LATA	set	3977
    62  0000                     _OSCTUNE	set	3995
    63  0000                     _OSCCON2	set	4050
    64  0000                     _OSCCON	set	4051
    65  0000                     _PLLRDY	set	32407
    66                           
    67                           ; #config settings
    68  0000                     
    69                           	psect	cinit
    70  00FF7A                     __pcinit:
    71                           	opt callstack 0
    72  00FF7A                     start_initialization:
    73                           	opt callstack 0
    74  00FF7A                     __initialization:
    75                           	opt callstack 0
    76  00FF7A                     end_of_initialization:
    77                           	opt callstack 0
    78  00FF7A                     __end_of__initialization:
    79                           	opt callstack 0
    80  00FF7A  0100               	movlb	0
    81  00FF7C  EFE3  F07F         	goto	_main	;jump to C main() function
    82                           
    83                           	psect	cstackCOMRAM
    84  000001                     __pcstackCOMRAM:
    85                           	opt callstack 0
    86  000001                     ??_main:
    87                           
    88                           ; 1 bytes @ 0x0
    89  000001                     	ds	2
    90                           
    91 ;;
    92 ;;Main: autosize = 0, tempsize = 2, incstack = 0, save=0
    93 ;;
    94 ;; *************** function _main *****************
    95 ;; Defined at:
    96 ;;		line 50 in file "main.c"
    97 ;; Parameters:    Size  Location     Type
    98 ;;		None
    99 ;; Auto vars:     Size  Location     Type
   100 ;;		None
   101 ;; Return value:  Size  Location     Type
   102 ;;                  1    wreg      void 
   103 ;; Registers used:
   104 ;;		wreg, status,2, status,0, cstack
   105 ;; Tracked objects:
   106 ;;		On entry : 0/0
   107 ;;		On exit  : 0/0
   108 ;;		Unchanged: 0/0
   109 ;; Data sizes:     COMRAM   BANK0   BANK1   BANK2   BANK3   BANK4   BANK5   BANK6   BANK7   BANK8   BANK9  BANK10  BANK1
      +1  BANK12  BANK13  BANK14  BANK15
   110 ;;      Params:         0       0       0       0       0       0       0       0       0       0       0       0       
      +0       0       0       0       0
   111 ;;      Locals:         0       0       0       0       0       0       0       0       0       0       0       0       
      +0       0       0       0       0
   112 ;;      Temps:          2       0       0       0       0       0       0       0       0       0       0       0       
      +0       0       0       0       0
   113 ;;      Totals:         2       0       0       0       0       0       0       0       0       0       0       0       
      +0       0       0       0       0
   114 ;;Total ram usage:        2 bytes
   115 ;; Hardware stack levels required when called:    2
   116 ;; This function calls:
   117 ;;		_SYSTEM_Initialize
   118 ;; This function is called by:
   119 ;;		Startup code after reset
   120 ;; This function uses a non-reentrant model
   121 ;;
   122                           
   123                           	psect	text0
   124  00FFC6                     __ptext0:
   125                           	opt callstack 0
   126  00FFC6                     _main:
   127                           	opt callstack 29
   128                           
   129                           ;main.c: 53:     SYSTEM_Initialize();
   130                           
   131                           ;incstack = 0
   132  00FFC6  ECC0  F07F         	call	_SYSTEM_Initialize	;wreg free
   133  00FFCA                     l767:
   134                           
   135                           ;main.c: 72:     {;main.c: 73:         if (1 == PORTAbits.RA1)
   136  00FFCA  A280               	btfss	3968,1,c	;volatile
   137  00FFCC  D7FE               	goto	l767
   138  00FFCE  A089               	btfss	3977,0,c	;volatile
   139  00FFD0  D002               	goto	u30
   140  00FFD2  0E01               	movlw	1
   141  00FFD4  D001               	goto	u36
   142  00FFD6                     u30:
   143  00FFD6  0E00               	movlw	0
   144  00FFD8                     u36:
   145  00FFD8  0AFF               	xorlw	255
   146  00FFDA  6E01               	movwf	??_main& (0+255),c
   147  00FFDC  5089               	movf	3977,w,c	;volatile
   148  00FFDE  1801               	xorwf	??_main,w,c
   149  00FFE0  0BFE               	andlw	-2
   150  00FFE2  1801               	xorwf	??_main,w,c
   151  00FFE4  6E89               	movwf	3977,c	;volatile
   152                           
   153                           ;main.c: 76:             _delay((unsigned long)((500)*(64000000/4000.0)));
   154  00FFE6  0E29               	movlw	41
   155  00FFE8  6E02               	movwf	(??_main+1)& (0+255),c
   156  00FFEA  0E96               	movlw	150
   157  00FFEC  6E01               	movwf	??_main& (0+255),c
   158  00FFEE  0E7F               	movlw	127
   159  00FFF0                     u57:
   160  00FFF0  2EE8               	decfsz	wreg,f,c
   161  00FFF2  D7FE               	bra	u57
   162  00FFF4  2E01               	decfsz	??_main& (0+255),f,c
   163  00FFF6  D7FC               	bra	u57
   164  00FFF8  2E02               	decfsz	(??_main+1)& (0+255),f,c
   165  00FFFA  D7FA               	bra	u57
   166  00FFFC  F000               	nop	
   167  00FFFE  D7E5               	goto	l767
   168  010000                     __end_of_main:
   169                           	opt callstack 0
   170                           
   171 ;; *************** function _SYSTEM_Initialize *****************
   172 ;; Defined at:
   173 ;;		line 50 in file "mcc_generated_files/mcc.c"
   174 ;; Parameters:    Size  Location     Type
   175 ;;		None
   176 ;; Auto vars:     Size  Location     Type
   177 ;;		None
   178 ;; Return value:  Size  Location     Type
   179 ;;                  1    wreg      void 
   180 ;; Registers used:
   181 ;;		wreg, status,2, cstack
   182 ;; Tracked objects:
   183 ;;		On entry : 0/0
   184 ;;		On exit  : 0/0
   185 ;;		Unchanged: 0/0
   186 ;; Data sizes:     COMRAM   BANK0   BANK1   BANK2   BANK3   BANK4   BANK5   BANK6   BANK7   BANK8   BANK9  BANK10  BANK1
      +1  BANK12  BANK13  BANK14  BANK15
   187 ;;      Params:         0       0       0       0       0       0       0       0       0       0       0       0       
      +0       0       0       0       0
   188 ;;      Locals:         0       0       0       0       0       0       0       0       0       0       0       0       
      +0       0       0       0       0
   189 ;;      Temps:          0       0       0       0       0       0       0       0       0       0       0       0       
      +0       0       0       0       0
   190 ;;      Totals:         0       0       0       0       0       0       0       0       0       0       0       0       
      +0       0       0       0       0
   191 ;;Total ram usage:        0 bytes
   192 ;; Hardware stack levels used:    1
   193 ;; Hardware stack levels required when called:    1
   194 ;; This function calls:
   195 ;;		_OSCILLATOR_Initialize
   196 ;;		_PIN_MANAGER_Initialize
   197 ;; This function is called by:
   198 ;;		_main
   199 ;; This function uses a non-reentrant model
   200 ;;
   201                           
   202                           	psect	text1
   203  00FF80                     __ptext1:
   204                           	opt callstack 0
   205  00FF80                     _SYSTEM_Initialize:
   206                           	opt callstack 29
   207                           
   208                           ;mcc_generated_files/mcc.c: 53:     PIN_MANAGER_Initialize();
   209                           
   210                           ;incstack = 0
   211  00FF80  ECCE  F07F         	call	_PIN_MANAGER_Initialize	;wreg free
   212                           
   213                           ;mcc_generated_files/mcc.c: 54:     OSCILLATOR_Initialize();
   214  00FF84  ECC5  F07F         	call	_OSCILLATOR_Initialize	;wreg free
   215  00FF88  0012               	return		;funcret
   216  00FF8A                     __end_of_SYSTEM_Initialize:
   217                           	opt callstack 0
   218                           
   219 ;; *************** function _PIN_MANAGER_Initialize *****************
   220 ;; Defined at:
   221 ;;		line 55 in file "mcc_generated_files/pin_manager.c"
   222 ;; Parameters:    Size  Location     Type
   223 ;;		None
   224 ;; Auto vars:     Size  Location     Type
   225 ;;		None
   226 ;; Return value:  Size  Location     Type
   227 ;;                  1    wreg      void 
   228 ;; Registers used:
   229 ;;		wreg, status,2
   230 ;; Tracked objects:
   231 ;;		On entry : 0/0
   232 ;;		On exit  : 0/0
   233 ;;		Unchanged: 0/0
   234 ;; Data sizes:     COMRAM   BANK0   BANK1   BANK2   BANK3   BANK4   BANK5   BANK6   BANK7   BANK8   BANK9  BANK10  BANK1
      +1  BANK12  BANK13  BANK14  BANK15
   235 ;;      Params:         0       0       0       0       0       0       0       0       0       0       0       0       
      +0       0       0       0       0
   236 ;;      Locals:         0       0       0       0       0       0       0       0       0       0       0       0       
      +0       0       0       0       0
   237 ;;      Temps:          0       0       0       0       0       0       0       0       0       0       0       0       
      +0       0       0       0       0
   238 ;;      Totals:         0       0       0       0       0       0       0       0       0       0       0       0       
      +0       0       0       0       0
   239 ;;Total ram usage:        0 bytes
   240 ;; Hardware stack levels used:    1
   241 ;; This function calls:
   242 ;;		Nothing
   243 ;; This function is called by:
   244 ;;		_SYSTEM_Initialize
   245 ;; This function uses a non-reentrant model
   246 ;;
   247                           
   248                           	psect	text2
   249  00FF9C                     __ptext2:
   250                           	opt callstack 0
   251  00FF9C                     _PIN_MANAGER_Initialize:
   252                           	opt callstack 29
   253                           
   254                           ;mcc_generated_files/pin_manager.c: 60:     LATA = 0x00;
   255                           
   256                           ;incstack = 0
   257  00FF9C  0E00               	movlw	0
   258  00FF9E  6E89               	movwf	3977,c	;volatile
   259                           
   260                           ;mcc_generated_files/pin_manager.c: 61:     LATB = 0x00;
   261  00FFA0  0E00               	movlw	0
   262  00FFA2  6E8A               	movwf	3978,c	;volatile
   263                           
   264                           ;mcc_generated_files/pin_manager.c: 62:     LATC = 0x00;
   265  00FFA4  0E00               	movlw	0
   266  00FFA6  6E8B               	movwf	3979,c	;volatile
   267                           
   268                           ;mcc_generated_files/pin_manager.c: 67:     TRISA = 0xFE;
   269  00FFA8  0EFE               	movlw	254
   270  00FFAA  6E92               	movwf	3986,c	;volatile
   271                           
   272                           ;mcc_generated_files/pin_manager.c: 68:     TRISB = 0xFF;
   273  00FFAC  6893               	setf	3987,c	;volatile
   274                           
   275                           ;mcc_generated_files/pin_manager.c: 69:     TRISC = 0xFF;
   276  00FFAE  6894               	setf	3988,c	;volatile
   277                           
   278                           ;mcc_generated_files/pin_manager.c: 74:     ANSELC = 0xFC;
   279  00FFB0  0EFC               	movlw	252
   280  00FFB2  010F               	movlb	15	; () banked
   281  00FFB4  6F3A               	movwf	58,b	;volatile
   282                           
   283                           ;mcc_generated_files/pin_manager.c: 75:     ANSELB = 0x3F;
   284  00FFB6  0E3F               	movlw	63
   285  00FFB8  6F39               	movwf	57,b	;volatile
   286                           
   287                           ;mcc_generated_files/pin_manager.c: 76:     ANSELA = 0x2C;
   288  00FFBA  0E2C               	movlw	44
   289  00FFBC  6F38               	movwf	56,b	;volatile
   290                           
   291                           ;mcc_generated_files/pin_manager.c: 81:     WPUB = 0x00;
   292  00FFBE  0E00               	movlw	0
   293  00FFC0  6E61               	movwf	3937,c	;volatile
   294                           
   295                           ; BSR set to: 15
   296                           ;mcc_generated_files/pin_manager.c: 82:     INTCON2bits.nRBPU = 1;
   297  00FFC2  8EF1               	bsf	4081,7,c	;volatile
   298                           
   299                           ; BSR set to: 15
   300  00FFC4  0012               	return		;funcret
   301  00FFC6                     __end_of_PIN_MANAGER_Initialize:
   302                           	opt callstack 0
   303                           
   304 ;; *************** function _OSCILLATOR_Initialize *****************
   305 ;; Defined at:
   306 ;;		line 57 in file "mcc_generated_files/mcc.c"
   307 ;; Parameters:    Size  Location     Type
   308 ;;		None
   309 ;; Auto vars:     Size  Location     Type
   310 ;;		None
   311 ;; Return value:  Size  Location     Type
   312 ;;                  1    wreg      void 
   313 ;; Registers used:
   314 ;;		wreg, status,2
   315 ;; Tracked objects:
   316 ;;		On entry : 0/0
   317 ;;		On exit  : 0/0
   318 ;;		Unchanged: 0/0
   319 ;; Data sizes:     COMRAM   BANK0   BANK1   BANK2   BANK3   BANK4   BANK5   BANK6   BANK7   BANK8   BANK9  BANK10  BANK1
      +1  BANK12  BANK13  BANK14  BANK15
   320 ;;      Params:         0       0       0       0       0       0       0       0       0       0       0       0       
      +0       0       0       0       0
   321 ;;      Locals:         0       0       0       0       0       0       0       0       0       0       0       0       
      +0       0       0       0       0
   322 ;;      Temps:          0       0       0       0       0       0       0       0       0       0       0       0       
      +0       0       0       0       0
   323 ;;      Totals:         0       0       0       0       0       0       0       0       0       0       0       0       
      +0       0       0       0       0
   324 ;;Total ram usage:        0 bytes
   325 ;; Hardware stack levels used:    1
   326 ;; This function calls:
   327 ;;		Nothing
   328 ;; This function is called by:
   329 ;;		_SYSTEM_Initialize
   330 ;; This function uses a non-reentrant model
   331 ;;
   332                           
   333                           	psect	text3
   334  00FF8A                     __ptext3:
   335                           	opt callstack 0
   336  00FF8A                     _OSCILLATOR_Initialize:
   337                           	opt callstack 29
   338                           
   339                           ;mcc_generated_files/mcc.c: 60:     OSCCON = 0x70;
   340                           
   341                           ; BSR set to: 15
   342                           ;incstack = 0
   343  00FF8A  0E70               	movlw	112
   344  00FF8C  6ED3               	movwf	4051,c	;volatile
   345                           
   346                           ;mcc_generated_files/mcc.c: 62:     OSCCON2 = 0x04;
   347  00FF8E  0E04               	movlw	4
   348  00FF90  6ED2               	movwf	4050,c	;volatile
   349                           
   350                           ;mcc_generated_files/mcc.c: 64:     OSCTUNE = 0x40;
   351  00FF92  0E40               	movlw	64
   352  00FF94  6E9B               	movwf	3995,c	;volatile
   353  00FF96                     l18:
   354                           
   355                           ;mcc_generated_files/mcc.c: 66:     while(PLLRDY == 0)
   356  00FF96  BED2               	btfsc	4050,7,c	;volatile
   357  00FF98  0012               	return	
   358  00FF9A  D7FD               	goto	l18
   359  00FF9C                     __end_of_OSCILLATOR_Initialize:
   360                           	opt callstack 0
   361  0000                     
   362                           	psect	rparam
   363  0000                     tosu	equ	0xFFF
   364                           tosh	equ	0xFFE
   365                           tosl	equ	0xFFD
   366                           stkptr	equ	0xFFC
   367                           pclatu	equ	0xFFB
   368                           pclath	equ	0xFFA
   369                           pcl	equ	0xFF9
   370                           tblptru	equ	0xFF8
   371                           tblptrh	equ	0xFF7
   372                           tblptrl	equ	0xFF6
   373                           tablat	equ	0xFF5
   374                           prodh	equ	0xFF4
   375                           prodl	equ	0xFF3
   376                           indf0	equ	0xFEF
   377                           postinc0	equ	0xFEE
   378                           postdec0	equ	0xFED
   379                           preinc0	equ	0xFEC
   380                           plusw0	equ	0xFEB
   381                           fsr0h	equ	0xFEA
   382                           fsr0l	equ	0xFE9
   383                           wreg	equ	0xFE8
   384                           indf1	equ	0xFE7
   385                           postinc1	equ	0xFE6
   386                           postdec1	equ	0xFE5
   387                           preinc1	equ	0xFE4
   388                           plusw1	equ	0xFE3
   389                           fsr1h	equ	0xFE2
   390                           fsr1l	equ	0xFE1
   391                           bsr	equ	0xFE0
   392                           indf2	equ	0xFDF
   393                           postinc2	equ	0xFDE
   394                           postdec2	equ	0xFDD
   395                           preinc2	equ	0xFDC
   396                           plusw2	equ	0xFDB
   397                           fsr2h	equ	0xFDA
   398                           fsr2l	equ	0xFD9
   399                           status	equ	0xFD8


Data Sizes:
    Strings     0
    Constant    0
    Data        0
    BSS         0
    Persistent  0
    Stack       0

Auto Spaces:
    Space          Size  Autos    Used
    COMRAM           95      2       2
    BANK0           160      0       0
    BANK1           256      0       0
    BANK2           256      0       0
    BANK3           256      0       0
    BANK4           256      0       0
    BANK5           256      0       0
    BANK6           256      0       0
    BANK7           256      0       0
    BANK8           256      0       0
    BANK9           256      0       0
    BANK10          256      0       0
    BANK11          256      0       0
    BANK12          256      0       0
    BANK13          256      0       0
    BANK14          256      0       0
    BANK15           56      0       0

Pointer List with Targets:

    None.

Critical Paths under _main in COMRAM

    None.

Critical Paths under _main in BANK0

    None.

Critical Paths under _main in BANK1

    None.

Critical Paths under _main in BANK2

    None.

Critical Paths under _main in BANK3

    None.

Critical Paths under _main in BANK4

    None.

Critical Paths under _main in BANK5

    None.

Critical Paths under _main in BANK6

    None.

Critical Paths under _main in BANK7

    None.

Critical Paths under _main in BANK8

    None.

Critical Paths under _main in BANK9

    None.

Critical Paths under _main in BANK10

    None.

Critical Paths under _main in BANK11

    None.

Critical Paths under _main in BANK12

    None.

Critical Paths under _main in BANK13

    None.

Critical Paths under _main in BANK14

    None.

Critical Paths under _main in BANK15

    None.

Call Graph Tables:

 ---------------------------------------------------------------------------------
 (Depth) Function   	        Calls       Base Space   Used Autos Params    Refs
 ---------------------------------------------------------------------------------
 (0) _main                                                 2     2      0       0
                                              0 COMRAM     2     2      0
                  _SYSTEM_Initialize
 ---------------------------------------------------------------------------------
 (1) _SYSTEM_Initialize                                    0     0      0       0
              _OSCILLATOR_Initialize
             _PIN_MANAGER_Initialize
 ---------------------------------------------------------------------------------
 (2) _PIN_MANAGER_Initialize                               0     0      0       0
 ---------------------------------------------------------------------------------
 (2) _OSCILLATOR_Initialize                                0     0      0       0
 ---------------------------------------------------------------------------------
 Estimated maximum stack depth 2
 ---------------------------------------------------------------------------------

 Call Graph Graphs:

 _main (ROOT)
   _SYSTEM_Initialize
     _OSCILLATOR_Initialize
     _PIN_MANAGER_Initialize

 Address spaces:
Name               Size   Autos  Total    Cost      Usage
BITCOMRAM           5F      0       0       0        0.0%
EEDATA             400      0       0       0        0.0%
NULL                 0      0       0       0        0.0%
CODE                 0      0       0       0        0.0%
COMRAM              5F      2       2       1        2.1%
STACK                0      0       0       2        0.0%
DATA                 0      0       0       3        0.0%
BITBANK0            A0      0       0       4        0.0%
BANK0               A0      0       0       5        0.0%
BITBANK1           100      0       0       6        0.0%
BANK1              100      0       0       7        0.0%
BITBANK2           100      0       0       8        0.0%
BANK2              100      0       0       9        0.0%
BITBANK3           100      0       0      10        0.0%
BANK3              100      0       0      11        0.0%
ABS                  0      0       0      12        0.0%
BITBANK4           100      0       0      13        0.0%
BANK4              100      0       0      14        0.0%
BITBANK5           100      0       0      15        0.0%
BANK5              100      0       0      16        0.0%
BITBANK6           100      0       0      17        0.0%
BANK6              100      0       0      18        0.0%
BITBANK7           100      0       0      19        0.0%
BANK7              100      0       0      20        0.0%
BITBANK8           100      0       0      21        0.0%
BANK8              100      0       0      22        0.0%
BITBANK9           100      0       0      23        0.0%
BANK9              100      0       0      24        0.0%
BITBANK10          100      0       0      25        0.0%
BANK10             100      0       0      26        0.0%
BITBANK11          100      0       0      27        0.0%
BANK11             100      0       0      28        0.0%
BITBANK12          100      0       0      29        0.0%
BANK12             100      0       0      30        0.0%
BITBANK13          100      0       0      31        0.0%
BANK13             100      0       0      32        0.0%
BITBANK14          100      0       0      33        0.0%
BANK14             100      0       0      34        0.0%
BITBANK15           38      0       0      35        0.0%
BANK15              38      0       0      36        0.0%
BIGRAM             F37      0       0      37        0.0%
BITSFR_1             0      0       0     200        0.0%
SFR_1                0      0       0     200        0.0%
BITSFR               0      0       0     200        0.0%
SFR                  0      0       0     200        0.0%


Microchip Technology PIC18 Macro Assembler V2.05 build -831301201 
Symbol Table                                                                                   Wed Jan 29 12:58:42 2020

                             l18 FF96                               u30 FFD6  
                             u36 FFD8                               u57 FFF0  
                   __CFG_CP0$OFF 000000                     __CFG_CP1$OFF 000000  
                   __CFG_CP2$OFF 000000                     __CFG_CP3$OFF 000000  
                    __CFG_LVP$ON 000000                              l767 FFCA  
                   __CFG_CPB$OFF 000000                     __CFG_CPD$OFF 000000  
                            wreg 000FE8                             _LATA 000F89  
                           _LATB 000F8A                             _LATC 000F8B  
                           _WPUB 000F61                             _main FFC6  
                  __CFG_BORV$190 000000                             start 0000  
                  __CFG_IESO$OFF 000000                     ___param_bank 000000  
 __size_of_OSCILLATOR_Initialize 0012    __end_of_OSCILLATOR_Initialize FF9C  
                          ?_main 0001                   __CFG_DEBUG$OFF 000000  
                          _TRISA 000F92                            _TRISB 000F93  
                          _TRISC 000F94                    __CFG_WRT0$OFF 000000  
                  __CFG_WRT1$OFF 000000                    __CFG_WRT2$OFF 000000  
                  __CFG_WRT3$OFF 000000                   __CFG_EBTR0$OFF 000000  
                 __CFG_FCMEN$OFF 000000                   __CFG_EBTR1$OFF 000000  
                 __CFG_EBTR2$OFF 000000                   __CFG_EBTR3$OFF 000000  
                  __CFG_WRTB$OFF 000000                    __CFG_WRTC$OFF 000000  
                  __CFG_WRTD$OFF 000000                   __CFG_EBTRB$OFF 000000  
             __CFG_MCLRE$EXTMCLR 000000                   __CFG_HFOFST$ON 000000  
                 __CFG_PBADEN$ON 000000                  __initialization FF7A  
                   __end_of_main 0000                           ??_main 0001  
                  __activetblptr 000000                           _ANSELA 000F38  
                         _ANSELB 000F39                           _ANSELC 000F3A  
                 __CFG_WDTEN$OFF 000000                           _OSCCON 000FD3  
                         _PLLRDY 007E97                   __CFG_XINST$OFF 000000  
                 __CFG_STVREN$ON 000000                _SYSTEM_Initialize FF80  
                     __accesstop 0060          __end_of__initialization FF7A  
             ?_SYSTEM_Initialize 0001                    ___rparam_used 000001  
                 __pcstackCOMRAM 0001              ??_SYSTEM_Initialize 0001  
      __end_of_SYSTEM_Initialize FF8A                  __CFG_PLLCFG$OFF 000000  
             __CFG_CCP2MX$PORTC1 000000               __CFG_CCP3MX$PORTB5 000000  
                        _OSCCON2 000FD2                          _OSCTUNE 000F9B  
                __CFG_PWRTEN$OFF 000000                          __Hparam 0000  
                        __Lparam 0000                          __pcinit FF7A  
                        __ramtop 1000                          __ptext0 FFC6  
                        __ptext1 FF80                          __ptext2 FF9C  
                        __ptext3 FF8A            _OSCILLATOR_Initialize FF8A  
       ??_PIN_MANAGER_Initialize 0001       __size_of_SYSTEM_Initialize 000A  
           end_of_initialization FF7A                        _PORTAbits 000F80  
         ?_OSCILLATOR_Initialize 0001              start_initialization FF7A  
__size_of_PIN_MANAGER_Initialize 002A           _PIN_MANAGER_Initialize FF9C  
               __CFG_PRICLKEN$ON 000000                         _LATAbits 000F89  
               __CFG_WDTPS$32768 000000                      _INTCON2bits 000FF1  
                       __Hrparam 0000                         __Lrparam 0000  
             __CFG_BOREN$SBORDIS 000000                __CFG_P2BMX$PORTB5 000000  
        ??_OSCILLATOR_Initialize 0001                    __size_of_main 003A  
                     _INTCONbits 000FF2          ?_PIN_MANAGER_Initialize 0001  
              __CFG_T3CMX$PORTC0 000000   __end_of_PIN_MANAGER_Initialize FFC6  
              __CFG_FOSC$INTIO67 000000  
