

Microchip MPLAB XC8 Assembler V2.32 build 20210201212658 
                                                                                               Sat Dec 11 15:00:15 2021

Microchip MPLAB XC8 C Compiler v2.32 (Free license) build 20210201212658 Og1 
     1                           	processor	18F26K22
     2                           	fnconf	rparam,??,?,0
     3                           	pagewidth 120
     4                           	opt	flic
     5                           	psect	cinit,global,reloc=2,class=CODE,delta=1
     6                           	psect	cstackCOMRAM,global,class=COMRAM,space=1,delta=1,lowdata,noexec
     7                           	psect	text0,global,reloc=2,class=CODE,delta=1
     8                           	psect	text1,global,reloc=2,class=CODE,delta=1
     9                           	psect	text2,global,reloc=2,class=CODE,delta=1
    10                           	psect	text3,global,reloc=2,class=CODE,delta=1
    11                           	psect	intsave_regs,global,class=BIGRAM,space=1,delta=1,noexec
    12                           	psect	rparam,global,class=COMRAM,space=1,delta=1,noexec
    13                           	psect	idloc,global,abs,ovrld,class=IDLOC,space=5,delta=1,noexec
    14                           	psect	config,global,abs,ovrld,class=CONFIG,space=4,delta=1,noexec
    15  0000                     
    16                           ; Version 2.32
    17                           ; Generated 02/02/2021 GMT
    18                           ; 
    19                           ; Copyright © 2021, Microchip Technology Inc. and its subsidiaries ("Microchip")
    20                           ; All rights reserved.
    21                           ; 
    22                           ; This software is developed by Microchip Technology Inc. and its subsidiaries ("Microch
      +                          ip").
    23                           ; 
    24                           ; Redistribution and use in source and binary forms, with or without modification, are
    25                           ; permitted provided that the following conditions are met:
    26                           ; 
    27                           ;     1. Redistributions of source code must retain the above copyright notice, this lis
      +                          t of
    28                           ;        conditions and the following disclaimer.
    29                           ; 
    30                           ;     2. Redistributions in binary form must reproduce the above copyright notice, this 
      +                          list
    31                           ;        of conditions and the following disclaimer in the documentation and/or other
    32                           ;        materials provided with the distribution. Publication is not required when
    33                           ;        this file is used in an embedded application.
    34                           ; 
    35                           ;     3. Microchip's name may not be used to endorse or promote products derived from th
      +                          is
    36                           ;        software without specific prior written permission.
    37                           ; 
    38                           ; THIS SOFTWARE IS PROVIDED BY MICROCHIP "AS IS" AND ANY EXPRESS OR IMPLIED WARRANTIES,
    39                           ; INCLUDING, BUT NOT LIMITED TO, THE IMPLIED WARRANTIES OF MERCHANTABILITY AND FITNESS F
      +                          OR
    40                           ; PURPOSE ARE DISCLAIMED.  IN NO EVENT SHALL MICROCHIP BE LIABLE FOR ANY DIRECT, INDIREC
      +                          T,
    41                           ; INCIDENTAL, SPECIAL, EXEMPLARY, OR CONSEQUENTIAL DAMAGES (INCLUDING BUT NOT LIMITED TO
    42                           ; PROCUREMENT OF SUBSTITUTE GOODS OR SERVICES; LOSS OF USE, DATA OR PROFITS; OR BUSINESS
    43                           ; INTERRUPTION) HOWSOEVER CAUSED AND ON ANY THEORY OF LIABILITY, WHETHER IN CONTRACT, ST
      +                          RICT
    44                           ; LIABILITY, OR TORT (INCLUDING NEGLIGENCE OR OTHERWISE) ARISING IN ANY WAY OUT OF THE U
      +                          SE OF
    45                           ; THIS SOFTWARE, EVEN IF ADVISED OF THE POSSIBILITY OF SUCH DAMAGE.
    46                           ; 
    47                           ; 
    48                           ; Code-generator required, PIC18F26K22 Definitions
    49                           ; 
    50                           ; SFR Addresses
    51  0000                     _ANSELA	set	3896
    52  0000                     _ANSELB	set	3897
    53  0000                     _ANSELC	set	3898
    54  0000                     _LATAbits	set	3977
    55  0000                     _INTCONbits	set	4082
    56  0000                     _INTCON2bits	set	4081
    57  0000                     _WPUB	set	3937
    58  0000                     _TRISC	set	3988
    59  0000                     _TRISB	set	3987
    60  0000                     _TRISA	set	3986
    61  0000                     _LATC	set	3979
    62  0000                     _LATB	set	3978
    63  0000                     _LATA	set	3977
    64  0000                     _OSCTUNE	set	3995
    65  0000                     _OSCCON2	set	4050
    66  0000                     _OSCCON	set	4051
    67                           
    68                           ; #config settings
    69                           
    70                           	psect	cinit
    71  00FF78                     __pcinit:
    72                           	callstack 0
    73  00FF78                     start_initialization:
    74                           	callstack 0
    75  00FF78                     __initialization:
    76                           	callstack 0
    77  00FF78                     end_of_initialization:
    78                           	callstack 0
    79  00FF78                     __end_of__initialization:
    80                           	callstack 0
    81  00FF78  0100               	movlb	0
    82  00FF7A  EFE0  F07F         	goto	_main	;jump to C main() function
    83                           
    84                           	psect	cstackCOMRAM
    85  000001                     __pcstackCOMRAM:
    86                           	callstack 0
    87  000001                     ??_main:
    88                           
    89                           ; 1 bytes @ 0x0
    90  000001                     	ds	2
    91                           
    92 ;;
    93 ;;Main: autosize = 0, tempsize = 2, incstack = 0, save=0
    94 ;;
    95 ;; *************** function _main *****************
    96 ;; Defined at:
    97 ;;		line 6 in file "main.c"
    98 ;; Parameters:    Size  Location     Type
    99 ;;		None
   100 ;; Auto vars:     Size  Location     Type
   101 ;;		None
   102 ;; Return value:  Size  Location     Type
   103 ;;                  1    wreg      void 
   104 ;; Registers used:
   105 ;;		wreg, status,2, cstack
   106 ;; Tracked objects:
   107 ;;		On entry : 0/0
   108 ;;		On exit  : 0/0
   109 ;;		Unchanged: 0/0
   110 ;; Data sizes:     COMRAM   BANK0   BANK1   BANK2   BANK3   BANK4   BANK5   BANK6   BANK7   BANK8   BANK9  BANK10  BANK1
      +1  BANK12  BANK13  BANK14  BANK15
   111 ;;      Params:         0       0       0       0       0       0       0       0       0       0       0       0       
      +0       0       0       0       0
   112 ;;      Locals:         0       0       0       0       0       0       0       0       0       0       0       0       
      +0       0       0       0       0
   113 ;;      Temps:          2       0       0       0       0       0       0       0       0       0       0       0       
      +0       0       0       0       0
   114 ;;      Totals:         2       0       0       0       0       0       0       0       0       0       0       0       
      +0       0       0       0       0
   115 ;;Total ram usage:        2 bytes
   116 ;; Hardware stack levels required when called: 2
   117 ;; This function calls:
   118 ;;		_SYSTEM_Initialize
   119 ;; This function is called by:
   120 ;;		Startup code after reset
   121 ;; This function uses a non-reentrant model
   122 ;;
   123                           
   124                           	psect	text0
   125  00FFC0                     __ptext0:
   126                           	callstack 0
   127  00FFC0                     _main:
   128                           	callstack 29
   129  00FFC0                     
   130                           ;main.c: 8:     SYSTEM_Initialize();
   131  00FFC0  ECBF  F07F         	call	_SYSTEM_Initialize	;wreg free
   132  00FFC4                     l756:
   133  00FFC4  8089               	bsf	137,0,c	;volatile
   134  00FFC6                     
   135                           ;main.c: 13:         _delay((unsigned long)((1000)*(16000000/4000.0)));
   136  00FFC6  0E15               	movlw	21
   137  00FFC8  6E02               	movwf	(??_main+1)^0,c
   138  00FFCA  0E4B               	movlw	75
   139  00FFCC  6E01               	movwf	??_main^0,c
   140  00FFCE  0EBE               	movlw	190
   141  00FFD0                     u17:
   142  00FFD0  2EE8               	decfsz	wreg,f,c
   143  00FFD2  D7FE               	bra	u17
   144  00FFD4  2E01               	decfsz	??_main^0,f,c
   145  00FFD6  D7FC               	bra	u17
   146  00FFD8  2E02               	decfsz	(??_main+1)^0,f,c
   147  00FFDA  D7FA               	bra	u17
   148  00FFDC  D000               	nop2	
   149  00FFDE  9089               	bcf	137,0,c	;volatile
   150  00FFE0                     
   151                           ;main.c: 15:         _delay((unsigned long)((1000)*(16000000/4000.0)));
   152  00FFE0  0E15               	movlw	21
   153  00FFE2  6E02               	movwf	(??_main+1)^0,c
   154  00FFE4  0E4B               	movlw	75
   155  00FFE6  6E01               	movwf	??_main^0,c
   156  00FFE8  0EBE               	movlw	190
   157  00FFEA                     u27:
   158  00FFEA  2EE8               	decfsz	wreg,f,c
   159  00FFEC  D7FE               	bra	u27
   160  00FFEE  2E01               	decfsz	??_main^0,f,c
   161  00FFF0  D7FC               	bra	u27
   162  00FFF2  2E02               	decfsz	(??_main+1)^0,f,c
   163  00FFF4  D7FA               	bra	u27
   164  00FFF6  D000               	nop2	
   165  00FFF8  EFE2  F07F         	goto	l756
   166  00FFFC  EF00  F000         	goto	start
   167  010000                     __end_of_main:
   168                           	callstack 0
   169                           
   170 ;; *************** function _SYSTEM_Initialize *****************
   171 ;; Defined at:
   172 ;;		line 50 in file "mcc_generated_files/mcc.c"
   173 ;; Parameters:    Size  Location     Type
   174 ;;		None
   175 ;; Auto vars:     Size  Location     Type
   176 ;;		None
   177 ;; Return value:  Size  Location     Type
   178 ;;                  1    wreg      void 
   179 ;; Registers used:
   180 ;;		wreg, status,2, cstack
   181 ;; Tracked objects:
   182 ;;		On entry : 0/0
   183 ;;		On exit  : 0/0
   184 ;;		Unchanged: 0/0
   185 ;; Data sizes:     COMRAM   BANK0   BANK1   BANK2   BANK3   BANK4   BANK5   BANK6   BANK7   BANK8   BANK9  BANK10  BANK1
      +1  BANK12  BANK13  BANK14  BANK15
   186 ;;      Params:         0       0       0       0       0       0       0       0       0       0       0       0       
      +0       0       0       0       0
   187 ;;      Locals:         0       0       0       0       0       0       0       0       0       0       0       0       
      +0       0       0       0       0
   188 ;;      Temps:          0       0       0       0       0       0       0       0       0       0       0       0       
      +0       0       0       0       0
   189 ;;      Totals:         0       0       0       0       0       0       0       0       0       0       0       0       
      +0       0       0       0       0
   190 ;;Total ram usage:        0 bytes
   191 ;; Hardware stack levels used: 1
   192 ;; Hardware stack levels required when called: 1
   193 ;; This function calls:
   194 ;;		_OSCILLATOR_Initialize
   195 ;;		_PIN_MANAGER_Initialize
   196 ;; This function is called by:
   197 ;;		_main
   198 ;; This function uses a non-reentrant model
   199 ;;
   200                           
   201                           	psect	text1
   202  00FF7E                     __ptext1:
   203                           	callstack 0
   204  00FF7E                     _SYSTEM_Initialize:
   205                           	callstack 29
   206  00FF7E                     
   207                           ;mcc_generated_files/mcc.c: 53:     PIN_MANAGER_Initialize();
   208  00FF7E  ECCB  F07F         	call	_PIN_MANAGER_Initialize	;wreg free
   209                           
   210                           ;mcc_generated_files/mcc.c: 54:     OSCILLATOR_Initialize();
   211  00FF82  ECC4  F07F         	call	_OSCILLATOR_Initialize	;wreg free
   212  00FF86  0012               	return		;funcret
   213  00FF88                     __end_of_SYSTEM_Initialize:
   214                           	callstack 0
   215                           
   216 ;; *************** function _PIN_MANAGER_Initialize *****************
   217 ;; Defined at:
   218 ;;		line 55 in file "mcc_generated_files/pin_manager.c"
   219 ;; Parameters:    Size  Location     Type
   220 ;;		None
   221 ;; Auto vars:     Size  Location     Type
   222 ;;		None
   223 ;; Return value:  Size  Location     Type
   224 ;;                  1    wreg      void 
   225 ;; Registers used:
   226 ;;		wreg, status,2
   227 ;; Tracked objects:
   228 ;;		On entry : 0/0
   229 ;;		On exit  : 0/0
   230 ;;		Unchanged: 0/0
   231 ;; Data sizes:     COMRAM   BANK0   BANK1   BANK2   BANK3   BANK4   BANK5   BANK6   BANK7   BANK8   BANK9  BANK10  BANK1
      +1  BANK12  BANK13  BANK14  BANK15
   232 ;;      Params:         0       0       0       0       0       0       0       0       0       0       0       0       
      +0       0       0       0       0
   233 ;;      Locals:         0       0       0       0       0       0       0       0       0       0       0       0       
      +0       0       0       0       0
   234 ;;      Temps:          0       0       0       0       0       0       0       0       0       0       0       0       
      +0       0       0       0       0
   235 ;;      Totals:         0       0       0       0       0       0       0       0       0       0       0       0       
      +0       0       0       0       0
   236 ;;Total ram usage:        0 bytes
   237 ;; Hardware stack levels used: 1
   238 ;; This function calls:
   239 ;;		Nothing
   240 ;; This function is called by:
   241 ;;		_SYSTEM_Initialize
   242 ;; This function uses a non-reentrant model
   243 ;;
   244                           
   245                           	psect	text2
   246  00FF96                     __ptext2:
   247                           	callstack 0
   248  00FF96                     _PIN_MANAGER_Initialize:
   249                           	callstack 29
   250  00FF96                     
   251                           ;mcc_generated_files/pin_manager.c: 60:     LATA = 0x00;
   252  00FF96  0E00               	movlw	0
   253  00FF98  6E89               	movwf	137,c	;volatile
   254                           
   255                           ;mcc_generated_files/pin_manager.c: 61:     LATB = 0x00;
   256  00FF9A  0E00               	movlw	0
   257  00FF9C  6E8A               	movwf	138,c	;volatile
   258                           
   259                           ;mcc_generated_files/pin_manager.c: 62:     LATC = 0x00;
   260  00FF9E  0E00               	movlw	0
   261  00FFA0  6E8B               	movwf	139,c	;volatile
   262                           
   263                           ;mcc_generated_files/pin_manager.c: 67:     TRISA = 0xFE;
   264  00FFA2  0EFE               	movlw	254
   265  00FFA4  6E92               	movwf	146,c	;volatile
   266  00FFA6                     
   267                           ;mcc_generated_files/pin_manager.c: 68:     TRISB = 0xFF;
   268  00FFA6  6893               	setf	147,c	;volatile
   269  00FFA8                     
   270                           ;mcc_generated_files/pin_manager.c: 69:     TRISC = 0xFF;
   271  00FFA8  6894               	setf	148,c	;volatile
   272                           
   273                           ;mcc_generated_files/pin_manager.c: 74:     ANSELC = 0xFC;
   274  00FFAA  0EFC               	movlw	252
   275  00FFAC  010F               	movlb	15	; () banked
   276  00FFAE  6F3A               	movwf	58,b	;volatile
   277                           
   278                           ;mcc_generated_files/pin_manager.c: 75:     ANSELB = 0x3F;
   279  00FFB0  0E3F               	movlw	63
   280  00FFB2  6F39               	movwf	57,b	;volatile
   281                           
   282                           ;mcc_generated_files/pin_manager.c: 76:     ANSELA = 0x2E;
   283  00FFB4  0E2E               	movlw	46
   284  00FFB6  6F38               	movwf	56,b	;volatile
   285                           
   286                           ;mcc_generated_files/pin_manager.c: 81:     WPUB = 0x00;
   287  00FFB8  0E00               	movlw	0
   288  00FFBA  6E61               	movwf	97,c	;volatile
   289  00FFBC                     
   290                           ; BSR set to: 15
   291                           ;mcc_generated_files/pin_manager.c: 82:     INTCON2bits.nRBPU = 1;
   292  00FFBC  8EF1               	bsf	241,7,c	;volatile
   293  00FFBE                     
   294                           ; BSR set to: 15
   295  00FFBE  0012               	return		;funcret
   296  00FFC0                     __end_of_PIN_MANAGER_Initialize:
   297                           	callstack 0
   298                           
   299 ;; *************** function _OSCILLATOR_Initialize *****************
   300 ;; Defined at:
   301 ;;		line 57 in file "mcc_generated_files/mcc.c"
   302 ;; Parameters:    Size  Location     Type
   303 ;;		None
   304 ;; Auto vars:     Size  Location     Type
   305 ;;		None
   306 ;; Return value:  Size  Location     Type
   307 ;;                  1    wreg      void 
   308 ;; Registers used:
   309 ;;		wreg, status,2
   310 ;; Tracked objects:
   311 ;;		On entry : 0/0
   312 ;;		On exit  : 0/0
   313 ;;		Unchanged: 0/0
   314 ;; Data sizes:     COMRAM   BANK0   BANK1   BANK2   BANK3   BANK4   BANK5   BANK6   BANK7   BANK8   BANK9  BANK10  BANK1
      +1  BANK12  BANK13  BANK14  BANK15
   315 ;;      Params:         0       0       0       0       0       0       0       0       0       0       0       0       
      +0       0       0       0       0
   316 ;;      Locals:         0       0       0       0       0       0       0       0       0       0       0       0       
      +0       0       0       0       0
   317 ;;      Temps:          0       0       0       0       0       0       0       0       0       0       0       0       
      +0       0       0       0       0
   318 ;;      Totals:         0       0       0       0       0       0       0       0       0       0       0       0       
      +0       0       0       0       0
   319 ;;Total ram usage:        0 bytes
   320 ;; Hardware stack levels used: 1
   321 ;; This function calls:
   322 ;;		Nothing
   323 ;; This function is called by:
   324 ;;		_SYSTEM_Initialize
   325 ;; This function uses a non-reentrant model
   326 ;;
   327                           
   328                           	psect	text3
   329  00FF88                     __ptext3:
   330                           	callstack 0
   331  00FF88                     _OSCILLATOR_Initialize:
   332                           	callstack 29
   333  00FF88                     
   334                           ;mcc_generated_files/mcc.c: 60:     OSCCON = 0x72;
   335  00FF88  0E72               	movlw	114
   336  00FF8A  6ED3               	movwf	211,c	;volatile
   337                           
   338                           ;mcc_generated_files/mcc.c: 62:     OSCCON2 = 0x04;
   339  00FF8C  0E04               	movlw	4
   340  00FF8E  6ED2               	movwf	210,c	;volatile
   341                           
   342                           ;mcc_generated_files/mcc.c: 64:     OSCTUNE = 0x40;
   343  00FF90  0E40               	movlw	64
   344  00FF92  6E9B               	movwf	155,c	;volatile
   345  00FF94  0012               	return		;funcret
   346  00FF96                     __end_of_OSCILLATOR_Initialize:
   347                           	callstack 0
   348  0000                     
   349                           	psect	rparam
   350  0000                     
   351                           	psect	idloc
   352                           
   353                           ;Config register IDLOC0 @ 0x200000
   354                           ;	unspecified, using default values
   355  200000                     	org	2097152
   356  200000  FF                 	db	255
   357                           
   358                           ;Config register IDLOC1 @ 0x200001
   359                           ;	unspecified, using default values
   360  200001                     	org	2097153
   361  200001  FF                 	db	255
   362                           
   363                           ;Config register IDLOC2 @ 0x200002
   364                           ;	unspecified, using default values
   365  200002                     	org	2097154
   366  200002  FF                 	db	255
   367                           
   368                           ;Config register IDLOC3 @ 0x200003
   369                           ;	unspecified, using default values
   370  200003                     	org	2097155
   371  200003  FF                 	db	255
   372                           
   373                           ;Config register IDLOC4 @ 0x200004
   374                           ;	unspecified, using default values
   375  200004                     	org	2097156
   376  200004  FF                 	db	255
   377                           
   378                           ;Config register IDLOC5 @ 0x200005
   379                           ;	unspecified, using default values
   380  200005                     	org	2097157
   381  200005  FF                 	db	255
   382                           
   383                           ;Config register IDLOC6 @ 0x200006
   384                           ;	unspecified, using default values
   385  200006                     	org	2097158
   386  200006  FF                 	db	255
   387                           
   388                           ;Config register IDLOC7 @ 0x200007
   389                           ;	unspecified, using default values
   390  200007                     	org	2097159
   391  200007  FF                 	db	255
   392                           
   393                           	psect	config
   394                           
   395                           ; Padding undefined space
   396  300000                     	org	3145728
   397  300000  FF                 	db	255
   398                           
   399                           ;Config register CONFIG1H @ 0x300001
   400                           ;	Oscillator Selection bits
   401                           ;	FOSC = INTIO67, Internal oscillator block
   402                           ;	4X PLL Enable
   403                           ;	PLLCFG = OFF, Oscillator used directly
   404                           ;	Primary clock enable bit
   405                           ;	PRICLKEN = ON, Primary clock enabled
   406                           ;	Fail-Safe Clock Monitor Enable bit
   407                           ;	FCMEN = OFF, Fail-Safe Clock Monitor disabled
   408                           ;	Internal/External Oscillator Switchover bit
   409                           ;	IESO = OFF, Oscillator Switchover mode disabled
   410  300001                     	org	3145729
   411  300001  28                 	db	40
   412                           
   413                           ;Config register CONFIG2L @ 0x300002
   414                           ;	Power-up Timer Enable bit
   415                           ;	PWRTEN = OFF, Power up timer disabled
   416                           ;	Brown-out Reset Enable bits
   417                           ;	BOREN = SBORDIS, Brown-out Reset enabled in hardware only (SBOREN is disabled)
   418                           ;	Brown Out Reset Voltage bits
   419                           ;	BORV = 190, VBOR set to 1.90 V nominal
   420  300002                     	org	3145730
   421  300002  1F                 	db	31
   422                           
   423                           ;Config register CONFIG2H @ 0x300003
   424                           ;	Watchdog Timer Enable bits
   425                           ;	WDTEN = OFF, Watch dog timer is always disabled. SWDTEN has no effect.
   426                           ;	Watchdog Timer Postscale Select bits
   427                           ;	WDTPS = 32768, 1:32768
   428  300003                     	org	3145731
   429  300003  3C                 	db	60
   430                           
   431                           ; Padding undefined space
   432  300004                     	org	3145732
   433  300004  FF                 	db	255
   434                           
   435                           ;Config register CONFIG3H @ 0x300005
   436                           ;	CCP2 MUX bit
   437                           ;	CCP2MX = PORTC1, CCP2 input/output is multiplexed with RC1
   438                           ;	PORTB A/D Enable bit
   439                           ;	PBADEN = ON, PORTB<5:0> pins are configured as analog input channels on Reset
   440                           ;	P3A/CCP3 Mux bit
   441                           ;	CCP3MX = PORTB5, P3A/CCP3 input/output is multiplexed with RB5
   442                           ;	HFINTOSC Fast Start-up
   443                           ;	HFOFST = ON, HFINTOSC output and ready status are not delayed by the oscillator stable
      +                           status
   444                           ;	Timer3 Clock input mux bit
   445                           ;	T3CMX = PORTC0, T3CKI is on RC0
   446                           ;	ECCP2 B output mux bit
   447                           ;	P2BMX = PORTB5, P2B is on RB5
   448                           ;	MCLR Pin Enable bit
   449                           ;	MCLRE = EXTMCLR, MCLR pin enabled, RE3 input pin disabled
   450  300005                     	org	3145733
   451  300005  BF                 	db	191
   452                           
   453                           ;Config register CONFIG4L @ 0x300006
   454                           ;	Stack Full/Underflow Reset Enable bit
   455                           ;	STVREN = ON, Stack full/underflow will cause Reset
   456                           ;	Single-Supply ICSP Enable bit
   457                           ;	LVP = ON, Single-Supply ICSP enabled if MCLRE is also 1
   458                           ;	Extended Instruction Set Enable bit
   459                           ;	XINST = OFF, Instruction set extension and Indexed Addressing mode disabled (Legacy mo
      +                          de)
   460                           ;	Background Debug
   461                           ;	DEBUG = OFF, Disabled
   462  300006                     	org	3145734
   463  300006  85                 	db	133
   464                           
   465                           ; Padding undefined space
   466  300007                     	org	3145735
   467  300007  FF                 	db	255
   468                           
   469                           ;Config register CONFIG5L @ 0x300008
   470                           ;	Code Protection Block 0
   471                           ;	CP0 = OFF, Block 0 (000800-003FFFh) not code-protected
   472                           ;	Code Protection Block 1
   473                           ;	CP1 = OFF, Block 1 (004000-007FFFh) not code-protected
   474                           ;	Code Protection Block 2
   475                           ;	CP2 = OFF, Block 2 (008000-00BFFFh) not code-protected
   476                           ;	Code Protection Block 3
   477                           ;	CP3 = OFF, Block 3 (00C000-00FFFFh) not code-protected
   478  300008                     	org	3145736
   479  300008  0F                 	db	15
   480                           
   481                           ;Config register CONFIG5H @ 0x300009
   482                           ;	Boot Block Code Protection bit
   483                           ;	CPB = OFF, Boot block (000000-0007FFh) not code-protected
   484                           ;	Data EEPROM Code Protection bit
   485                           ;	CPD = OFF, Data EEPROM not code-protected
   486  300009                     	org	3145737
   487  300009  C0                 	db	192
   488                           
   489                           ;Config register CONFIG6L @ 0x30000A
   490                           ;	Write Protection Block 0
   491                           ;	WRT0 = OFF, Block 0 (000800-003FFFh) not write-protected
   492                           ;	Write Protection Block 1
   493                           ;	WRT1 = OFF, Block 1 (004000-007FFFh) not write-protected
   494                           ;	Write Protection Block 2
   495                           ;	WRT2 = OFF, Block 2 (008000-00BFFFh) not write-protected
   496                           ;	Write Protection Block 3
   497                           ;	WRT3 = OFF, Block 3 (00C000-00FFFFh) not write-protected
   498  30000A                     	org	3145738
   499  30000A  0F                 	db	15
   500                           
   501                           ;Config register CONFIG6H @ 0x30000B
   502                           ;	Configuration Register Write Protection bit
   503                           ;	WRTC = OFF, Configuration registers (300000-3000FFh) not write-protected
   504                           ;	Boot Block Write Protection bit
   505                           ;	WRTB = OFF, Boot Block (000000-0007FFh) not write-protected
   506                           ;	Data EEPROM Write Protection bit
   507                           ;	WRTD = OFF, Data EEPROM not write-protected
   508  30000B                     	org	3145739
   509  30000B  E0                 	db	224
   510                           
   511                           ;Config register CONFIG7L @ 0x30000C
   512                           ;	Table Read Protection Block 0
   513                           ;	EBTR0 = OFF, Block 0 (000800-003FFFh) not protected from table reads executed in other
      +                           blocks
   514                           ;	Table Read Protection Block 1
   515                           ;	EBTR1 = OFF, Block 1 (004000-007FFFh) not protected from table reads executed in other
      +                           blocks
   516                           ;	Table Read Protection Block 2
   517                           ;	EBTR2 = OFF, Block 2 (008000-00BFFFh) not protected from table reads executed in other
      +                           blocks
   518                           ;	Table Read Protection Block 3
   519                           ;	EBTR3 = OFF, Block 3 (00C000-00FFFFh) not protected from table reads executed in other
      +                           blocks
   520  30000C                     	org	3145740
   521  30000C  0F                 	db	15
   522                           
   523                           ;Config register CONFIG7H @ 0x30000D
   524                           ;	Boot Block Table Read Protection bit
   525                           ;	EBTRB = OFF, Boot Block (000000-0007FFh) not protected from table reads executed in ot
      +                          her blocks
   526  30000D                     	org	3145741
   527  30000D  40                 	db	64
   528                           tosu	equ	0xFFF
   529                           tosh	equ	0xFFE
   530                           tosl	equ	0xFFD
   531                           stkptr	equ	0xFFC
   532                           pclatu	equ	0xFFB
   533                           pclath	equ	0xFFA
   534                           pcl	equ	0xFF9
   535                           tblptru	equ	0xFF8
   536                           tblptrh	equ	0xFF7
   537                           tblptrl	equ	0xFF6
   538                           tablat	equ	0xFF5
   539                           prodh	equ	0xFF4
   540                           prodl	equ	0xFF3
   541                           indf0	equ	0xFEF
   542                           postinc0	equ	0xFEE
   543                           postdec0	equ	0xFED
   544                           preinc0	equ	0xFEC
   545                           plusw0	equ	0xFEB
   546                           fsr0h	equ	0xFEA
   547                           fsr0l	equ	0xFE9
   548                           wreg	equ	0xFE8
   549                           indf1	equ	0xFE7
   550                           postinc1	equ	0xFE6
   551                           postdec1	equ	0xFE5
   552                           preinc1	equ	0xFE4
   553                           plusw1	equ	0xFE3
   554                           fsr1h	equ	0xFE2
   555                           fsr1l	equ	0xFE1
   556                           bsr	equ	0xFE0
   557                           indf2	equ	0xFDF
   558                           postinc2	equ	0xFDE
   559                           postdec2	equ	0xFDD
   560                           preinc2	equ	0xFDC
   561                           plusw2	equ	0xFDB
   562                           fsr2h	equ	0xFDA
   563                           fsr2l	equ	0xFD9
   564                           status	equ	0xFD8

Data Sizes:
    Strings     0
    Constant    0
    Data        0
    BSS         0
    Persistent  0
    Stack       0

Auto Spaces:
    Space          Size  Autos    Used
    COMRAM           95      2       2
    BANK0           160      0       0
    BANK1           256      0       0
    BANK2           256      0       0
    BANK3           256      0       0
    BANK4           256      0       0
    BANK5           256      0       0
    BANK6           256      0       0
    BANK7           256      0       0
    BANK8           256      0       0
    BANK9           256      0       0
    BANK10          256      0       0
    BANK11          256      0       0
    BANK12          256      0       0
    BANK13          256      0       0
    BANK14          256      0       0
    BANK15           56      0       0

Pointer List with Targets:

    None.

Critical Paths under _main in COMRAM

    None.

Critical Paths under _main in BANK0

    None.

Critical Paths under _main in BANK1

    None.

Critical Paths under _main in BANK2

    None.

Critical Paths under _main in BANK3

    None.

Critical Paths under _main in BANK4

    None.

Critical Paths under _main in BANK5

    None.

Critical Paths under _main in BANK6

    None.

Critical Paths under _main in BANK7

    None.

Critical Paths under _main in BANK8

    None.

Critical Paths under _main in BANK9

    None.

Critical Paths under _main in BANK10

    None.

Critical Paths under _main in BANK11

    None.

Critical Paths under _main in BANK12

    None.

Critical Paths under _main in BANK13

    None.

Critical Paths under _main in BANK14

    None.

Critical Paths under _main in BANK15

    None.

Call Graph Tables:

 ---------------------------------------------------------------------------------
 (Depth) Function   	        Calls       Base Space   Used Autos Params    Refs
 ---------------------------------------------------------------------------------
 (0) _main                                                 2     2      0       0
                                              0 COMRAM     2     2      0
                  _SYSTEM_Initialize
 ---------------------------------------------------------------------------------
 (1) _SYSTEM_Initialize                                    0     0      0       0
              _OSCILLATOR_Initialize
             _PIN_MANAGER_Initialize
 ---------------------------------------------------------------------------------
 (2) _PIN_MANAGER_Initialize                               0     0      0       0
 ---------------------------------------------------------------------------------
 (2) _OSCILLATOR_Initialize                                0     0      0       0
 ---------------------------------------------------------------------------------
 Estimated maximum stack depth 2
 ---------------------------------------------------------------------------------

 Call Graph Graphs:

 _main (ROOT)
   _SYSTEM_Initialize
     _OSCILLATOR_Initialize
     _PIN_MANAGER_Initialize

 Address spaces:
Name               Size   Autos  Total    Cost      Usage
BITCOMRAM           5F      0       0       0        0.0%
EEDATA             400      0       0       0        0.0%
NULL                 0      0       0       0        0.0%
CODE                 0      0       0       0        0.0%
COMRAM              5F      2       2       1        2.1%
STACK                0      0       0       2        0.0%
DATA                 0      0       0       3        0.0%
BITBANK0            A0      0       0       4        0.0%
BANK0               A0      0       0       5        0.0%
BITBANK1           100      0       0       6        0.0%
BANK1              100      0       0       7        0.0%
BITBANK2           100      0       0       8        0.0%
BANK2              100      0       0       9        0.0%
BITBANK3           100      0       0      10        0.0%
BANK3              100      0       0      11        0.0%
ABS                  0      0       0      12        0.0%
BITBANK4           100      0       0      13        0.0%
BANK4              100      0       0      14        0.0%
BITBANK5           100      0       0      15        0.0%
BANK5              100      0       0      16        0.0%
BITBANK6           100      0       0      17        0.0%
BANK6              100      0       0      18        0.0%
BITBANK7           100      0       0      19        0.0%
BANK7              100      0       0      20        0.0%
BITBANK8           100      0       0      21        0.0%
BANK8              100      0       0      22        0.0%
BITBANK9           100      0       0      23        0.0%
BANK9              100      0       0      24        0.0%
BITBANK10          100      0       0      25        0.0%
BANK10             100      0       0      26        0.0%
BITBANK11          100      0       0      27        0.0%
BANK11             100      0       0      28        0.0%
BITBANK12          100      0       0      29        0.0%
BANK12             100      0       0      30        0.0%
BITBANK13          100      0       0      31        0.0%
BANK13             100      0       0      32        0.0%
BITBANK14          100      0       0      33        0.0%
BANK14             100      0       0      34        0.0%
BITBANK15           38      0       0      35        0.0%
BANK15              38      0       0      36        0.0%
BIGRAM             F37      0       0      37        0.0%
BITSFR_1             0      0       0     200        0.0%
SFR_1                0      0       0     200        0.0%
BITSFR               0      0       0     200        0.0%
SFR                  0      0       0     200        0.0%


Microchip Technology PIC18 Macro Assembler V2.32 build 20210201212658 
Symbol Table                                                                                   Sat Dec 11 15:00:15 2021

                             l13 FF86                               l16 FF94  
                             l43 FFBE                               u17 FFD0  
                             u27 FFEA                              l740 FF96  
                            l742 FFA6                              l750 FF7E  
                            l744 FFA8                              l760 FFDE  
                            l746 FFBC                              l762 FFE0  
                            l754 FFC0                              l748 FF88  
                            l756 FFC4                              l758 FFC6  
                            wreg 000FE8                             _LATA 000F89  
                           _LATB 000F8A                             _LATC 000F8B  
                           _WPUB 000F61                             _main FFC0  
                           start 0000                     ___param_bank 000000  
 __size_of_OSCILLATOR_Initialize 000E    __end_of_OSCILLATOR_Initialize FF96  
                          ?_main 0001                            _TRISA 000F92  
                          _TRISB 000F93                            _TRISC 000F94  
                __initialization FF78                     __end_of_main 0000  
                         ??_main 0001                    __activetblptr 000000  
                         _ANSELA 000F38                           _ANSELB 000F39  
                         _ANSELC 000F3A                           _OSCCON 000FD3  
                         isa$std 000001                _SYSTEM_Initialize FF7E  
                     __accesstop 0060          __end_of__initialization FF78  
             ?_SYSTEM_Initialize 0001                    ___rparam_used 000001  
                 __pcstackCOMRAM 0001              ??_SYSTEM_Initialize 0001  
      __end_of_SYSTEM_Initialize FF88                          _OSCCON2 000FD2  
                        _OSCTUNE 000F9B                          __Hparam 0000  
                        __Lparam 0000                          __pcinit FF78  
                        __ramtop 1000                          __ptext0 FFC0  
                        __ptext1 FF7E                          __ptext2 FF96  
                        __ptext3 FF88            _OSCILLATOR_Initialize FF88  
       ??_PIN_MANAGER_Initialize 0001       __size_of_SYSTEM_Initialize 000A  
           end_of_initialization FF78           ?_OSCILLATOR_Initialize 0001  
            start_initialization FF78  __size_of_PIN_MANAGER_Initialize 002A  
         _PIN_MANAGER_Initialize FF96                         _LATAbits 000F89  
                    _INTCON2bits 000FF1                         __Hrparam 0000  
                       __Lrparam 0000          ??_OSCILLATOR_Initialize 0001  
                  __size_of_main 0040                         isa$xinst 000000  
                     _INTCONbits 000FF2          ?_PIN_MANAGER_Initialize 0001  
 __end_of_PIN_MANAGER_Initialize FFC0  
