

Microchip MPLAB XC8 Assembler V2.10 build 88905656 
                                                                                               Mon Sep 21 12:11:08 2020

Microchip MPLAB XC8 C Compiler v2.10 (Free license) build 20190730164152 Og1 
     1                           	processor	18F26K22
     2                           	fnconf	rparam,??,?,0
     3                           	opt	pw 120
     4                           	opt	flic
     5                           	psect	cinit,global,reloc=2,class=CODE,delta=1
     6                           	psect	cstackCOMRAM,global,class=COMRAM,space=1,delta=1,noexec
     7                           	psect	text0,global,reloc=2,class=CODE,delta=1
     8                           	psect	text1,global,reloc=2,class=CODE,delta=1
     9                           	psect	text2,global,reloc=2,class=CODE,delta=1
    10                           	psect	text3,global,reloc=2,class=CODE,delta=1
    11                           	psect	intsave_regs,global,class=BIGRAM,space=1,delta=1,noexec
    12                           	psect	rparam,global,class=COMRAM,space=1,delta=1,noexec
    13  0000                     
    14                           ; Version 2.10
    15                           ; Generated 31/07/2019 GMT
    16                           ; 
    17                           ; Copyright © 2019, Microchip Technology Inc. and its subsidiaries ("Microchip")
    18                           ; All rights reserved.
    19                           ; 
    20                           ; This software is developed by Microchip Technology Inc. and its subsidiaries ("Microch
      +                          ip").
    21                           ; 
    22                           ; Redistribution and use in source and binary forms, with or without modification, are
    23                           ; permitted provided that the following conditions are met:
    24                           ; 
    25                           ;     1. Redistributions of source code must retain the above copyright notice, this lis
      +                          t of
    26                           ;        conditions and the following disclaimer.
    27                           ; 
    28                           ;     2. Redistributions in binary form must reproduce the above copyright notice, this 
      +                          list
    29                           ;        of conditions and the following disclaimer in the documentation and/or other
    30                           ;        materials provided with the distribution.
    31                           ; 
    32                           ;     3. Microchip's name may not be used to endorse or promote products derived from th
      +                          is
    33                           ;        software without specific prior written permission.
    34                           ; 
    35                           ; THIS SOFTWARE IS PROVIDED BY MICROCHIP "AS IS" AND ANY EXPRESS OR IMPLIED WARRANTIES,
    36                           ; INCLUDING, BUT NOT LIMITED TO, THE IMPLIED WARRANTIES OF MERCHANTABILITY AND FITNESS F
      +                          OR
    37                           ; PURPOSE ARE DISCLAIMED.  IN NO EVENT SHALL MICROCHIP BE LIABLE FOR ANY DIRECT, INDIREC
      +                          T,
    38                           ; INCIDENTAL, SPECIAL, EXEMPLARY, OR CONSEQUENTIAL DAMAGES (INCLUDING BUT NOT LIMITED TO
    39                           ; PROCUREMENT OF SUBSTITUTE GOODS OR SERVICES; LOSS OF USE, DATA OR PROFITS; OR BUSINESS
    40                           ; INTERRUPTION) HOWSOEVER CAUSED AND ON ANY THEORY OF LIABILITY, WHETHER IN CONTRACT, ST
      +                          RICT
    41                           ; LIABILITY, OR TORT (INCLUDING NEGLIGENCE OR OTHERWISE) ARISING IN ANY WAY OUT OF THE U
      +                          SE OF
    42                           ; THIS SOFTWARE, EVEN IF ADVISED OF THE POSSIBILITY OF SUCH DAMAGE.
    43                           ; 
    44                           ; 
    45                           ; Code-generator required, PIC18F26K22 Definitions
    46                           ; 
    47                           ; SFR Addresses
    48  0000                     _ANSELA	set	3896
    49  0000                     _ANSELB	set	3897
    50  0000                     _ANSELC	set	3898
    51  0000                     _LATAbits	set	3977
    52  0000                     _INTCONbits	set	4082
    53  0000                     _INTCON2bits	set	4081
    54  0000                     _WPUB	set	3937
    55  0000                     _TRISC	set	3988
    56  0000                     _TRISB	set	3987
    57  0000                     _TRISA	set	3986
    58  0000                     _LATC	set	3979
    59  0000                     _LATB	set	3978
    60  0000                     _LATA	set	3977
    61  0000                     _OSCTUNE	set	3995
    62  0000                     _OSCCON2	set	4050
    63  0000                     _OSCCON	set	4051
    64  0000                     _PLLRDY	set	32407
    65                           
    66                           ; #config settings
    67  0000                     
    68                           	psect	cinit
    69  00FF6A                     __pcinit:
    70                           	opt callstack 0
    71  00FF6A                     start_initialization:
    72                           	opt callstack 0
    73  00FF6A                     __initialization:
    74                           	opt callstack 0
    75  00FF6A                     end_of_initialization:
    76                           	opt callstack 0
    77  00FF6A                     __end_of__initialization:
    78                           	opt callstack 0
    79  00FF6A  0100               	movlb	0
    80  00FF6C  EFE0  F07F         	goto	_main	;jump to C main() function
    81                           
    82                           	psect	cstackCOMRAM
    83  000001                     __pcstackCOMRAM:
    84                           	opt callstack 0
    85  000001                     ??_main:
    86                           
    87                           ; 1 bytes @ 0x0
    88  000001                     	ds	2
    89                           
    90 ;;
    91 ;;Main: autosize = 0, tempsize = 2, incstack = 0, save=0
    92 ;;
    93 ;; *************** function _main *****************
    94 ;; Defined at:
    95 ;;		line 49 in file "main.c"
    96 ;; Parameters:    Size  Location     Type
    97 ;;		None
    98 ;; Auto vars:     Size  Location     Type
    99 ;;		None
   100 ;; Return value:  Size  Location     Type
   101 ;;                  1    wreg      void 
   102 ;; Registers used:
   103 ;;		wreg, status,2, cstack
   104 ;; Tracked objects:
   105 ;;		On entry : 0/0
   106 ;;		On exit  : 0/0
   107 ;;		Unchanged: 0/0
   108 ;; Data sizes:     COMRAM   BANK0   BANK1   BANK2   BANK3   BANK4   BANK5   BANK6   BANK7   BANK8   BANK9  BANK10  BANK1
      +1  BANK12  BANK13  BANK14  BANK15
   109 ;;      Params:         0       0       0       0       0       0       0       0       0       0       0       0       
      +0       0       0       0       0
   110 ;;      Locals:         0       0       0       0       0       0       0       0       0       0       0       0       
      +0       0       0       0       0
   111 ;;      Temps:          2       0       0       0       0       0       0       0       0       0       0       0       
      +0       0       0       0       0
   112 ;;      Totals:         2       0       0       0       0       0       0       0       0       0       0       0       
      +0       0       0       0       0
   113 ;;Total ram usage:        2 bytes
   114 ;; Hardware stack levels required when called:    2
   115 ;; This function calls:
   116 ;;		_SYSTEM_Initialize
   117 ;; This function is called by:
   118 ;;		Startup code after reset
   119 ;; This function uses a non-reentrant model
   120 ;;
   121                           
   122                           	psect	text0
   123  00FFC0                     __ptext0:
   124                           	opt callstack 0
   125  00FFC0                     _main:
   126                           	opt callstack 29
   127  00FFC0                     
   128                           ;main.c: 52:     SYSTEM_Initialize();
   129  00FFC0  ECB8  F07F         	call	_SYSTEM_Initialize	;wreg free
   130  00FFC4                     l761:
   131  00FFC4  8089               	bsf	137,0,c	;volatile
   132  00FFC6                     
   133                           ;main.c: 74:         _delay((unsigned long)((1000)*(64000000/4000.0)));
   134  00FFC6  0E52               	movlw	82
   135  00FFC8  6E02               	movwf	(??_main+1)^0,c
   136  00FFCA  0E2B               	movlw	43
   137  00FFCC  6E01               	movwf	??_main^0,c
   138  00FFCE  0E00               	movlw	0
   139  00FFD0                     u27:
   140  00FFD0  2EE8               	decfsz	wreg,f,c
   141  00FFD2  D7FE               	bra	u27
   142  00FFD4  2E01               	decfsz	??_main^0,f,c
   143  00FFD6  D7FC               	bra	u27
   144  00FFD8  2E02               	decfsz	(??_main+1)^0,f,c
   145  00FFDA  D7FA               	bra	u27
   146  00FFDC  D000               	nop2	
   147  00FFDE  9089               	bcf	137,0,c	;volatile
   148  00FFE0                     
   149                           ;main.c: 76:         _delay((unsigned long)((1000)*(64000000/4000.0)));
   150  00FFE0  0E52               	movlw	82
   151  00FFE2  6E02               	movwf	(??_main+1)^0,c
   152  00FFE4  0E2B               	movlw	43
   153  00FFE6  6E01               	movwf	??_main^0,c
   154  00FFE8  0E00               	movlw	0
   155  00FFEA                     u37:
   156  00FFEA  2EE8               	decfsz	wreg,f,c
   157  00FFEC  D7FE               	bra	u37
   158  00FFEE  2E01               	decfsz	??_main^0,f,c
   159  00FFF0  D7FC               	bra	u37
   160  00FFF2  2E02               	decfsz	(??_main+1)^0,f,c
   161  00FFF4  D7FA               	bra	u37
   162  00FFF6  D000               	nop2	
   163  00FFF8  EFE2  F07F         	goto	l761
   164  00FFFC  EF00  F000         	goto	start
   165  010000                     __end_of_main:
   166                           	opt callstack 0
   167                           
   168 ;; *************** function _SYSTEM_Initialize *****************
   169 ;; Defined at:
   170 ;;		line 50 in file "mcc_generated_files/mcc.c"
   171 ;; Parameters:    Size  Location     Type
   172 ;;		None
   173 ;; Auto vars:     Size  Location     Type
   174 ;;		None
   175 ;; Return value:  Size  Location     Type
   176 ;;                  1    wreg      void 
   177 ;; Registers used:
   178 ;;		wreg, status,2, cstack
   179 ;; Tracked objects:
   180 ;;		On entry : 0/0
   181 ;;		On exit  : 0/0
   182 ;;		Unchanged: 0/0
   183 ;; Data sizes:     COMRAM   BANK0   BANK1   BANK2   BANK3   BANK4   BANK5   BANK6   BANK7   BANK8   BANK9  BANK10  BANK1
      +1  BANK12  BANK13  BANK14  BANK15
   184 ;;      Params:         0       0       0       0       0       0       0       0       0       0       0       0       
      +0       0       0       0       0
   185 ;;      Locals:         0       0       0       0       0       0       0       0       0       0       0       0       
      +0       0       0       0       0
   186 ;;      Temps:          0       0       0       0       0       0       0       0       0       0       0       0       
      +0       0       0       0       0
   187 ;;      Totals:         0       0       0       0       0       0       0       0       0       0       0       0       
      +0       0       0       0       0
   188 ;;Total ram usage:        0 bytes
   189 ;; Hardware stack levels used:    1
   190 ;; Hardware stack levels required when called:    1
   191 ;; This function calls:
   192 ;;		_OSCILLATOR_Initialize
   193 ;;		_PIN_MANAGER_Initialize
   194 ;; This function is called by:
   195 ;;		_main
   196 ;; This function uses a non-reentrant model
   197 ;;
   198                           
   199                           	psect	text1
   200  00FF70                     __ptext1:
   201                           	opt callstack 0
   202  00FF70                     _SYSTEM_Initialize:
   203                           	opt callstack 29
   204  00FF70                     
   205                           ;mcc_generated_files/mcc.c: 53:     PIN_MANAGER_Initialize();
   206  00FF70  ECCB  F07F         	call	_PIN_MANAGER_Initialize	;wreg free
   207                           
   208                           ;mcc_generated_files/mcc.c: 54:     OSCILLATOR_Initialize();
   209  00FF74  ECBD  F07F         	call	_OSCILLATOR_Initialize	;wreg free
   210  00FF78  0012               	return		;funcret
   211  00FF7A                     __end_of_SYSTEM_Initialize:
   212                           	opt callstack 0
   213                           
   214 ;; *************** function _PIN_MANAGER_Initialize *****************
   215 ;; Defined at:
   216 ;;		line 55 in file "mcc_generated_files/pin_manager.c"
   217 ;; Parameters:    Size  Location     Type
   218 ;;		None
   219 ;; Auto vars:     Size  Location     Type
   220 ;;		None
   221 ;; Return value:  Size  Location     Type
   222 ;;                  1    wreg      void 
   223 ;; Registers used:
   224 ;;		wreg, status,2
   225 ;; Tracked objects:
   226 ;;		On entry : 0/0
   227 ;;		On exit  : 0/0
   228 ;;		Unchanged: 0/0
   229 ;; Data sizes:     COMRAM   BANK0   BANK1   BANK2   BANK3   BANK4   BANK5   BANK6   BANK7   BANK8   BANK9  BANK10  BANK1
      +1  BANK12  BANK13  BANK14  BANK15
   230 ;;      Params:         0       0       0       0       0       0       0       0       0       0       0       0       
      +0       0       0       0       0
   231 ;;      Locals:         0       0       0       0       0       0       0       0       0       0       0       0       
      +0       0       0       0       0
   232 ;;      Temps:          0       0       0       0       0       0       0       0       0       0       0       0       
      +0       0       0       0       0
   233 ;;      Totals:         0       0       0       0       0       0       0       0       0       0       0       0       
      +0       0       0       0       0
   234 ;;Total ram usage:        0 bytes
   235 ;; Hardware stack levels used:    1
   236 ;; This function calls:
   237 ;;		Nothing
   238 ;; This function is called by:
   239 ;;		_SYSTEM_Initialize
   240 ;; This function uses a non-reentrant model
   241 ;;
   242                           
   243                           	psect	text2
   244  00FF96                     __ptext2:
   245                           	opt callstack 0
   246  00FF96                     _PIN_MANAGER_Initialize:
   247                           	opt callstack 29
   248  00FF96                     
   249                           ;mcc_generated_files/pin_manager.c: 60:     LATA = 0x00;
   250  00FF96  0E00               	movlw	0
   251  00FF98  6E89               	movwf	137,c	;volatile
   252                           
   253                           ;mcc_generated_files/pin_manager.c: 61:     LATB = 0x00;
   254  00FF9A  0E00               	movlw	0
   255  00FF9C  6E8A               	movwf	138,c	;volatile
   256                           
   257                           ;mcc_generated_files/pin_manager.c: 62:     LATC = 0x00;
   258  00FF9E  0E00               	movlw	0
   259  00FFA0  6E8B               	movwf	139,c	;volatile
   260                           
   261                           ;mcc_generated_files/pin_manager.c: 67:     TRISA = 0xFE;
   262  00FFA2  0EFE               	movlw	254
   263  00FFA4  6E92               	movwf	146,c	;volatile
   264  00FFA6                     
   265                           ;mcc_generated_files/pin_manager.c: 68:     TRISB = 0xFF;
   266  00FFA6  6893               	setf	147,c	;volatile
   267  00FFA8                     
   268                           ;mcc_generated_files/pin_manager.c: 69:     TRISC = 0xFF;
   269  00FFA8  6894               	setf	148,c	;volatile
   270                           
   271                           ;mcc_generated_files/pin_manager.c: 74:     ANSELC = 0xFC;
   272  00FFAA  0EFC               	movlw	252
   273  00FFAC  010F               	movlb	15	; () banked
   274  00FFAE  6F3A               	movwf	58,b	;volatile
   275                           
   276                           ;mcc_generated_files/pin_manager.c: 75:     ANSELB = 0x3F;
   277  00FFB0  0E3F               	movlw	63
   278  00FFB2  6F39               	movwf	57,b	;volatile
   279                           
   280                           ;mcc_generated_files/pin_manager.c: 76:     ANSELA = 0x2E;
   281  00FFB4  0E2E               	movlw	46
   282  00FFB6  6F38               	movwf	56,b	;volatile
   283                           
   284                           ;mcc_generated_files/pin_manager.c: 81:     WPUB = 0x00;
   285  00FFB8  0E00               	movlw	0
   286  00FFBA  6E61               	movwf	97,c	;volatile
   287  00FFBC                     
   288                           ; BSR set to: 15
   289                           ;mcc_generated_files/pin_manager.c: 82:     INTCON2bits.nRBPU = 1;
   290  00FFBC  8EF1               	bsf	241,7,c	;volatile
   291  00FFBE                     
   292                           ; BSR set to: 15
   293  00FFBE  0012               	return		;funcret
   294  00FFC0                     __end_of_PIN_MANAGER_Initialize:
   295                           	opt callstack 0
   296                           
   297 ;; *************** function _OSCILLATOR_Initialize *****************
   298 ;; Defined at:
   299 ;;		line 57 in file "mcc_generated_files/mcc.c"
   300 ;; Parameters:    Size  Location     Type
   301 ;;		None
   302 ;; Auto vars:     Size  Location     Type
   303 ;;		None
   304 ;; Return value:  Size  Location     Type
   305 ;;                  1    wreg      void 
   306 ;; Registers used:
   307 ;;		wreg, status,2
   308 ;; Tracked objects:
   309 ;;		On entry : 0/0
   310 ;;		On exit  : 0/0
   311 ;;		Unchanged: 0/0
   312 ;; Data sizes:     COMRAM   BANK0   BANK1   BANK2   BANK3   BANK4   BANK5   BANK6   BANK7   BANK8   BANK9  BANK10  BANK1
      +1  BANK12  BANK13  BANK14  BANK15
   313 ;;      Params:         0       0       0       0       0       0       0       0       0       0       0       0       
      +0       0       0       0       0
   314 ;;      Locals:         0       0       0       0       0       0       0       0       0       0       0       0       
      +0       0       0       0       0
   315 ;;      Temps:          0       0       0       0       0       0       0       0       0       0       0       0       
      +0       0       0       0       0
   316 ;;      Totals:         0       0       0       0       0       0       0       0       0       0       0       0       
      +0       0       0       0       0
   317 ;;Total ram usage:        0 bytes
   318 ;; Hardware stack levels used:    1
   319 ;; This function calls:
   320 ;;		Nothing
   321 ;; This function is called by:
   322 ;;		_SYSTEM_Initialize
   323 ;; This function uses a non-reentrant model
   324 ;;
   325                           
   326                           	psect	text3
   327  00FF7A                     __ptext3:
   328                           	opt callstack 0
   329  00FF7A                     _OSCILLATOR_Initialize:
   330                           	opt callstack 29
   331  00FF7A                     
   332                           ;mcc_generated_files/mcc.c: 60:     OSCCON = 0x70;
   333  00FF7A  0E70               	movlw	112
   334  00FF7C  6ED3               	movwf	211,c	;volatile
   335                           
   336                           ;mcc_generated_files/mcc.c: 62:     OSCCON2 = 0x04;
   337  00FF7E  0E04               	movlw	4
   338  00FF80  6ED2               	movwf	210,c	;volatile
   339                           
   340                           ;mcc_generated_files/mcc.c: 64:     OSCTUNE = 0x40;
   341  00FF82  0E40               	movlw	64
   342  00FF84  6E9B               	movwf	155,c	;volatile
   343  00FF86                     l18:
   344                           
   345                           ;mcc_generated_files/mcc.c: 66:     while(PLLRDY == 0)
   346  00FF86  AED2               	btfss	4050,7,c	;volatile
   347  00FF88  EFC8  F07F         	goto	u11
   348  00FF8C  EFCA  F07F         	goto	u10
   349  00FF90                     u11:
   350  00FF90  EFC3  F07F         	goto	l18
   351  00FF94                     u10:
   352  00FF94  0012               	return		;funcret
   353  00FF96                     __end_of_OSCILLATOR_Initialize:
   354                           	opt callstack 0
   355  0000                     
   356                           	psect	rparam
   357  0000                     tosu	equ	0xFFF
   358                           tosh	equ	0xFFE
   359                           tosl	equ	0xFFD
   360                           stkptr	equ	0xFFC
   361                           pclatu	equ	0xFFB
   362                           pclath	equ	0xFFA
   363                           pcl	equ	0xFF9
   364                           tblptru	equ	0xFF8
   365                           tblptrh	equ	0xFF7
   366                           tblptrl	equ	0xFF6
   367                           tablat	equ	0xFF5
   368                           prodh	equ	0xFF4
   369                           prodl	equ	0xFF3
   370                           indf0	equ	0xFEF
   371                           postinc0	equ	0xFEE
   372                           postdec0	equ	0xFED
   373                           preinc0	equ	0xFEC
   374                           plusw0	equ	0xFEB
   375                           fsr0h	equ	0xFEA
   376                           fsr0l	equ	0xFE9
   377                           wreg	equ	0xFE8
   378                           indf1	equ	0xFE7
   379                           postinc1	equ	0xFE6
   380                           postdec1	equ	0xFE5
   381                           preinc1	equ	0xFE4
   382                           plusw1	equ	0xFE3
   383                           fsr1h	equ	0xFE2
   384                           fsr1l	equ	0xFE1
   385                           bsr	equ	0xFE0
   386                           indf2	equ	0xFDF
   387                           postinc2	equ	0xFDE
   388                           postdec2	equ	0xFDD
   389                           preinc2	equ	0xFDC
   390                           plusw2	equ	0xFDB
   391                           fsr2h	equ	0xFDA
   392                           fsr2l	equ	0xFD9
   393                           status	equ	0xFD8


Data Sizes:
    Strings     0
    Constant    0
    Data        0
    BSS         0
    Persistent  0
    Stack       0

Auto Spaces:
    Space          Size  Autos    Used
    COMRAM           95      2       2
    BANK0           160      0       0
    BANK1           256      0       0
    BANK2           256      0       0
    BANK3           256      0       0
    BANK4           256      0       0
    BANK5           256      0       0
    BANK6           256      0       0
    BANK7           256      0       0
    BANK8           256      0       0
    BANK9           256      0       0
    BANK10          256      0       0
    BANK11          256      0       0
    BANK12          256      0       0
    BANK13          256      0       0
    BANK14          256      0       0
    BANK15           56      0       0

Pointer List with Targets:

    None.

Critical Paths under _main in COMRAM

    None.

Critical Paths under _main in BANK0

    None.

Critical Paths under _main in BANK1

    None.

Critical Paths under _main in BANK2

    None.

Critical Paths under _main in BANK3

    None.

Critical Paths under _main in BANK4

    None.

Critical Paths under _main in BANK5

    None.

Critical Paths under _main in BANK6

    None.

Critical Paths under _main in BANK7

    None.

Critical Paths under _main in BANK8

    None.

Critical Paths under _main in BANK9

    None.

Critical Paths under _main in BANK10

    None.

Critical Paths under _main in BANK11

    None.

Critical Paths under _main in BANK12

    None.

Critical Paths under _main in BANK13

    None.

Critical Paths under _main in BANK14

    None.

Critical Paths under _main in BANK15

    None.

Call Graph Tables:

 ---------------------------------------------------------------------------------
 (Depth) Function   	        Calls       Base Space   Used Autos Params    Refs
 ---------------------------------------------------------------------------------
 (0) _main                                                 2     2      0       0
                                              0 COMRAM     2     2      0
                  _SYSTEM_Initialize
 ---------------------------------------------------------------------------------
 (1) _SYSTEM_Initialize                                    0     0      0       0
              _OSCILLATOR_Initialize
             _PIN_MANAGER_Initialize
 ---------------------------------------------------------------------------------
 (2) _PIN_MANAGER_Initialize                               0     0      0       0
 ---------------------------------------------------------------------------------
 (2) _OSCILLATOR_Initialize                                0     0      0       0
 ---------------------------------------------------------------------------------
 Estimated maximum stack depth 2
 ---------------------------------------------------------------------------------

 Call Graph Graphs:

 _main (ROOT)
   _SYSTEM_Initialize
     _OSCILLATOR_Initialize
     _PIN_MANAGER_Initialize

 Address spaces:
Name               Size   Autos  Total    Cost      Usage
BITCOMRAM           5F      0       0       0        0.0%
EEDATA             400      0       0       0        0.0%
NULL                 0      0       0       0        0.0%
CODE                 0      0       0       0        0.0%
COMRAM              5F      2       2       1        2.1%
STACK                0      0       0       2        0.0%
DATA                 0      0       0       3        0.0%
BITBANK0            A0      0       0       4        0.0%
BANK0               A0      0       0       5        0.0%
BITBANK1           100      0       0       6        0.0%
BANK1              100      0       0       7        0.0%
BITBANK2           100      0       0       8        0.0%
BANK2              100      0       0       9        0.0%
BITBANK3           100      0       0      10        0.0%
BANK3              100      0       0      11        0.0%
ABS                  0      0       0      12        0.0%
BITBANK4           100      0       0      13        0.0%
BANK4              100      0       0      14        0.0%
BITBANK5           100      0       0      15        0.0%
BANK5              100      0       0      16        0.0%
BITBANK6           100      0       0      17        0.0%
BANK6              100      0       0      18        0.0%
BITBANK7           100      0       0      19        0.0%
BANK7              100      0       0      20        0.0%
BITBANK8           100      0       0      21        0.0%
BANK8              100      0       0      22        0.0%
BITBANK9           100      0       0      23        0.0%
BANK9              100      0       0      24        0.0%
BITBANK10          100      0       0      25        0.0%
BANK10             100      0       0      26        0.0%
BITBANK11          100      0       0      27        0.0%
BANK11             100      0       0      28        0.0%
BITBANK12          100      0       0      29        0.0%
BANK12             100      0       0      30        0.0%
BITBANK13          100      0       0      31        0.0%
BANK13             100      0       0      32        0.0%
BITBANK14          100      0       0      33        0.0%
BANK14             100      0       0      34        0.0%
BITBANK15           38      0       0      35        0.0%
BANK15              38      0       0      36        0.0%
BIGRAM             F37      0       0      37        0.0%
BITSFR_1             0      0       0     200        0.0%
SFR_1                0      0       0     200        0.0%
BITSFR               0      0       0     200        0.0%
SFR                  0      0       0     200        0.0%


Microchip Technology PIC18 Macro Assembler V2.10 build 88905656 
Symbol Table                                                                                   Mon Sep 21 12:11:08 2020

                             l21 FF94                               l15 FF78  
                             l18 FF86                               l48 FFBE  
                             u10 FF94                               u11 FF90  
                             u27 FFD0                               u37 FFEA  
                   __CFG_CP0$OFF 000000                     __CFG_CP1$OFF 000000  
                   __CFG_CP2$OFF 000000                     __CFG_CP3$OFF 000000  
                    __CFG_LVP$ON 000000                              l751 FFBC  
                            l753 FF7A                              l745 FF96  
                            l761 FFC4                              l747 FFA6  
                            l755 FF70                              l763 FFC6  
                            l749 FFA8                              l765 FFDE  
                            l767 FFE0                              l759 FFC0  
                   __CFG_CPB$OFF 000000                     __CFG_CPD$OFF 000000  
                            wreg 000FE8                             _LATA 000F89  
                           _LATB 000F8A                             _LATC 000F8B  
                           _WPUB 000F61                             _main FFC0  
                  __CFG_BORV$190 000000                             start 0000  
                  __CFG_IESO$OFF 000000                     ___param_bank 000000  
 __size_of_OSCILLATOR_Initialize 001C    __end_of_OSCILLATOR_Initialize FF96  
                          ?_main 0001                   __CFG_DEBUG$OFF 000000  
                          _TRISA 000F92                            _TRISB 000F93  
                          _TRISC 000F94                    __CFG_WRT0$OFF 000000  
                  __CFG_WRT1$OFF 000000                    __CFG_WRT2$OFF 000000  
                  __CFG_WRT3$OFF 000000                   __CFG_EBTR0$OFF 000000  
                 __CFG_FCMEN$OFF 000000                   __CFG_EBTR1$OFF 000000  
                 __CFG_EBTR2$OFF 000000                   __CFG_EBTR3$OFF 000000  
                  __CFG_WRTB$OFF 000000                    __CFG_WRTC$OFF 000000  
                  __CFG_WRTD$OFF 000000                   __CFG_EBTRB$OFF 000000  
             __CFG_MCLRE$EXTMCLR 000000                   __CFG_HFOFST$ON 000000  
                 __CFG_PBADEN$ON 000000                  __initialization FF6A  
                   __end_of_main 0000                           ??_main 0001  
                  __activetblptr 000000                           _ANSELA 000F38  
                         _ANSELB 000F39                           _ANSELC 000F3A  
                 __CFG_WDTEN$OFF 000000                           _OSCCON 000FD3  
                         _PLLRDY 007E97                   __CFG_XINST$OFF 000000  
                 __CFG_STVREN$ON 000000                _SYSTEM_Initialize FF70  
                     __accesstop 0060          __end_of__initialization FF6A  
             ?_SYSTEM_Initialize 0001                    ___rparam_used 000001  
                 __pcstackCOMRAM 0001              ??_SYSTEM_Initialize 0001  
      __end_of_SYSTEM_Initialize FF7A                  __CFG_PLLCFG$OFF 000000  
             __CFG_CCP2MX$PORTC1 000000               __CFG_CCP3MX$PORTB5 000000  
                        _OSCCON2 000FD2                          _OSCTUNE 000F9B  
                __CFG_PWRTEN$OFF 000000                          __Hparam 0000  
                        __Lparam 0000                          __pcinit FF6A  
                        __ramtop 1000                          __ptext0 FFC0  
                        __ptext1 FF70                          __ptext2 FF96  
                        __ptext3 FF7A            _OSCILLATOR_Initialize FF7A  
       ??_PIN_MANAGER_Initialize 0001       __size_of_SYSTEM_Initialize 000A  
           end_of_initialization FF6A           ?_OSCILLATOR_Initialize 0001  
            start_initialization FF6A  __size_of_PIN_MANAGER_Initialize 002A  
         _PIN_MANAGER_Initialize FF96                 __CFG_PRICLKEN$ON 000000  
                       _LATAbits 000F89                 __CFG_WDTPS$32768 000000  
                    _INTCON2bits 000FF1                         __Hrparam 0000  
                       __Lrparam 0000               __CFG_BOREN$SBORDIS 000000  
              __CFG_P2BMX$PORTB5 000000          ??_OSCILLATOR_Initialize 0001  
                  __size_of_main 0040                       _INTCONbits 000FF2  
        ?_PIN_MANAGER_Initialize 0001                __CFG_T3CMX$PORTC0 000000  
 __end_of_PIN_MANAGER_Initialize FFC0                __CFG_FOSC$INTIO67 000000  
